[2025-05-20T15:00:03.003+0000] {local_task_job_runner.py:123} INFO - ::group::Pre task execution logs
[2025-05-20T15:00:03.049+0000] {taskinstance.py:2631} INFO - Dependencies all met for dep_context=non-requeueable deps ti=<TaskInstance: example_bash_operator.run_after_loop scheduled__2025-05-19T00:00:00+00:00 [queued]>
[2025-05-20T15:00:03.068+0000] {taskinstance.py:2631} INFO - Dependencies all met for dep_context=requeueable deps ti=<TaskInstance: example_bash_operator.run_after_loop scheduled__2025-05-19T00:00:00+00:00 [queued]>
[2025-05-20T15:00:03.070+0000] {taskinstance.py:2884} INFO - Starting attempt 1 of 1
[2025-05-20T15:00:03.098+0000] {taskinstance.py:2907} INFO - Executing <Task(BashOperator): run_after_loop> on 2025-05-19 00:00:00+00:00
[2025-05-20T15:00:03.119+0000] {warnings.py:112} WARNING - /home/***/.local/lib/python3.12/site-packages/***/task/task_runner/standard_task_runner.py:70: DeprecationWarning: This process (pid=767) is multi-threaded, use of fork() may lead to deadlocks in the child.
  pid = os.fork()

[2025-05-20T15:00:03.132+0000] {standard_task_runner.py:72} INFO - Started process 769 to run task
[2025-05-20T15:00:03.133+0000] {standard_task_runner.py:104} INFO - Running: ['***', 'tasks', 'run', 'example_bash_operator', 'run_after_loop', 'scheduled__2025-05-19T00:00:00+00:00', '--job-id', '8', '--raw', '--subdir', '/home/***/.local/lib/python3.12/site-packages/***/example_dags/example_bash_operator.py', '--cfg-path', '/tmp/tmpo__mcqh0']
[2025-05-20T15:00:03.139+0000] {standard_task_runner.py:105} INFO - Job 8: Subtask run_after_loop
[2025-05-20T15:00:03.202+0000] {task_command.py:467} INFO - Running <TaskInstance: example_bash_operator.run_after_loop scheduled__2025-05-19T00:00:00+00:00 [running]> on host b61be9786ea3
[2025-05-20T15:00:03.304+0000] {taskinstance.py:3157} INFO - Exporting env vars: AIRFLOW_CTX_DAG_OWNER='***' AIRFLOW_CTX_DAG_ID='example_bash_operator' AIRFLOW_CTX_TASK_ID='run_after_loop' AIRFLOW_CTX_EXECUTION_DATE='2025-05-19T00:00:00+00:00' AIRFLOW_CTX_TRY_NUMBER='1' AIRFLOW_CTX_DAG_RUN_ID='scheduled__2025-05-19T00:00:00+00:00'
[2025-05-20T15:00:03.305+0000] {logging_mixin.py:190} INFO - Task instance is in running state
[2025-05-20T15:00:03.306+0000] {logging_mixin.py:190} INFO -  Previous state of the Task instance: queued
[2025-05-20T15:00:03.307+0000] {logging_mixin.py:190} INFO - Current task name:run_after_loop state:running start_date:2025-05-20 15:00:03.051639+00:00
[2025-05-20T15:00:03.307+0000] {logging_mixin.py:190} INFO - Dag name:example_bash_operator and current dag run status:running
[2025-05-20T15:00:03.309+0000] {taskinstance.py:740} INFO - ::endgroup::
[2025-05-20T15:00:03.310+0000] {subprocess.py:78} INFO - Tmp dir root location: /tmp
[2025-05-20T15:00:03.312+0000] {subprocess.py:88} INFO - Running command: ['/usr/bin/bash', '-c', 'echo https://***.apache.org/']
[2025-05-20T15:00:03.329+0000] {subprocess.py:99} INFO - Output:
[2025-05-20T15:00:03.331+0000] {subprocess.py:106} INFO - https://***.apache.org/
[2025-05-20T15:00:03.332+0000] {subprocess.py:110} INFO - Command exited with return code 0
[2025-05-20T15:00:03.357+0000] {taskinstance.py:349} INFO - ::group::Post task execution logs
[2025-05-20T15:00:03.358+0000] {taskinstance.py:361} INFO - Marking task as SUCCESS. dag_id=example_bash_operator, task_id=run_after_loop, run_id=scheduled__2025-05-19T00:00:00+00:00, execution_date=20250519T000000, start_date=20250520T150003, end_date=20250520T150003
[2025-05-20T15:00:03.386+0000] {logging_mixin.py:190} INFO - Task instance in success state
[2025-05-20T15:00:03.387+0000] {logging_mixin.py:190} INFO -  Previous state of the Task instance: running
[2025-05-20T15:00:03.388+0000] {logging_mixin.py:190} INFO - Dag name:example_bash_operator queued_at:2025-05-20 14:59:42.243017+00:00
[2025-05-20T15:00:03.389+0000] {logging_mixin.py:190} INFO - Task hostname:b61be9786ea3 operator:BashOperator
[2025-05-20T15:00:03.434+0000] {local_task_job_runner.py:266} INFO - Task exited with return code 0
[2025-05-20T15:00:03.468+0000] {taskinstance.py:3924} INFO - 0 downstream tasks scheduled from follow-on schedule check
[2025-05-20T15:00:03.472+0000] {local_task_job_runner.py:245} INFO - ::endgroup::
